  [1m[35m (686.6ms)[0m  [1m[35mCREATE DATABASE "my_sales_funnel_development" ENCODING = 'unicode'[0m
  ↳ bin/rails:6
  [1m[35m (572.4ms)[0m  [1m[35mCREATE DATABASE "my_sales_funnel_test" ENCODING = 'unicode'[0m
  ↳ bin/rails:6
  [1m[35m (122.2ms)[0m  [1m[35mCREATE TABLE "schema_migrations" ("version" character varying NOT NULL PRIMARY KEY)[0m
  ↳ bin/rails:6
  [1m[35m (96.9ms)[0m  [1m[35mCREATE TABLE "ar_internal_metadata" ("key" character varying NOT NULL PRIMARY KEY, "value" character varying, "created_at" timestamp NOT NULL, "updated_at" timestamp NOT NULL)[0m
  ↳ bin/rails:6
  [1m[35m (0.6ms)[0m  [1m[34mSELECT pg_try_advisory_lock(4219477107671700525)[0m
  ↳ bin/rails:6
  [1m[35m (0.6ms)[0m  [1m[34mSELECT "schema_migrations"."version" FROM "schema_migrations" ORDER BY "schema_migrations"."version" ASC[0m
  ↳ bin/rails:6
  [1m[36mActiveRecord::InternalMetadata Load (0.4ms)[0m  [1m[34mSELECT  "ar_internal_metadata".* FROM "ar_internal_metadata" WHERE "ar_internal_metadata"."key" = $1 LIMIT $2[0m  [["key", "environment"], ["LIMIT", 1]]
  ↳ bin/rails:6
  [1m[35m (0.2ms)[0m  [1m[35mBEGIN[0m
  ↳ bin/rails:6
  [1m[36mActiveRecord::InternalMetadata Create (0.5ms)[0m  [1m[32mINSERT INTO "ar_internal_metadata" ("key", "value", "created_at", "updated_at") VALUES ($1, $2, $3, $4) RETURNING "key"[0m  [["key", "environment"], ["value", "development"], ["created_at", "2018-10-19 21:14:01.071402"], ["updated_at", "2018-10-19 21:14:01.071402"]]
  ↳ bin/rails:6
  [1m[35m (2.7ms)[0m  [1m[35mCOMMIT[0m
  ↳ bin/rails:6
  [1m[35m (0.3ms)[0m  [1m[34mSELECT pg_advisory_unlock(4219477107671700525)[0m
  ↳ bin/rails:6
  [1m[35m (0.3ms)[0m  [1m[34mSELECT "schema_migrations"."version" FROM "schema_migrations" ORDER BY "schema_migrations"."version" ASC[0m
  ↳ bin/rails:6
  [1m[35m (0.3ms)[0m  [1m[34mSELECT pg_try_advisory_lock(4219477107671700525)[0m
  ↳ bin/rails:6
  [1m[35m (0.7ms)[0m  [1m[34mSELECT "schema_migrations"."version" FROM "schema_migrations" ORDER BY "schema_migrations"."version" ASC[0m
  ↳ bin/rails:6
Migrating to CreateSales (20181019211933)
  [1m[35m (0.2ms)[0m  [1m[35mBEGIN[0m
  ↳ bin/rails:6
  [1m[35m (109.4ms)[0m  [1m[35mCREATE TABLE "sales" ("id" bigserial primary key, "title" character varying NOT NULL, "client_name" character varying NOT NULL, "value" integer NOT NULL, "status" character varying DEFAULT 'contact' NOT NULL, "created_at" timestamp NOT NULL, "updated_at" timestamp NOT NULL)[0m
  ↳ db/migrate/20181019211933_create_sales.rb:3
  [1m[35m (42.4ms)[0m  [1m[35mCREATE UNIQUE INDEX  "index_sales_on_title" ON "sales"  ("title")[0m
  ↳ db/migrate/20181019211933_create_sales.rb:3
  [1m[35m (53.7ms)[0m  [1m[35mCREATE  INDEX  "index_sales_on_client_name" ON "sales"  ("client_name")[0m
  ↳ db/migrate/20181019211933_create_sales.rb:3
  [1m[35m (0.7ms)[0m  [1m[35m      ALTER TABLE sales
      ADD CONSTRAINT value_check check (value >= 0)
[0m
  ↳ db/migrate/20181019211933_create_sales.rb:12
  [1m[36mActiveRecord::SchemaMigration Create (0.5ms)[0m  [1m[32mINSERT INTO "schema_migrations" ("version") VALUES ($1) RETURNING "version"[0m  [["version", "20181019211933"]]
  ↳ bin/rails:6
  [1m[35m (24.9ms)[0m  [1m[35mCOMMIT[0m
  ↳ bin/rails:6
  [1m[36mActiveRecord::InternalMetadata Load (0.6ms)[0m  [1m[34mSELECT  "ar_internal_metadata".* FROM "ar_internal_metadata" WHERE "ar_internal_metadata"."key" = $1 LIMIT $2[0m  [["key", "environment"], ["LIMIT", 1]]
  ↳ bin/rails:6
  [1m[35m (0.2ms)[0m  [1m[35mBEGIN[0m
  ↳ bin/rails:6
  [1m[35m (0.1ms)[0m  [1m[35mCOMMIT[0m
  ↳ bin/rails:6
  [1m[35m (0.3ms)[0m  [1m[34mSELECT pg_advisory_unlock(4219477107671700525)[0m
  ↳ bin/rails:6
  [1m[35m (0.3ms)[0m  [1m[34mSELECT "schema_migrations"."version" FROM "schema_migrations" ORDER BY "schema_migrations"."version" ASC[0m
  ↳ bin/rails:6
  [1m[35m (0.6ms)[0m  [1m[34mSELECT "schema_migrations"."version" FROM "schema_migrations" ORDER BY "schema_migrations"."version" ASC[0m
  ↳ bin/rails:6
  [1m[35m (0.4ms)[0m  [1m[34mSELECT "ar_internal_metadata"."value" FROM "ar_internal_metadata" WHERE "ar_internal_metadata"."key" = $1[0m  [["key", "environment"]]
  ↳ bin/rails:6
  [1m[35m (0.3ms)[0m  [1m[34mSELECT "schema_migrations"."version" FROM "schema_migrations" ORDER BY "schema_migrations"."version" ASC[0m
  ↳ bin/rails:6
  [1m[35m (0.3ms)[0m  [1m[34mSELECT "ar_internal_metadata"."value" FROM "ar_internal_metadata" WHERE "ar_internal_metadata"."key" = $1[0m  [["key", "environment"]]
  ↳ bin/rails:6
  [1m[35m (0.3ms)[0m  [1m[34mSELECT "schema_migrations"."version" FROM "schema_migrations" ORDER BY "schema_migrations"."version" ASC[0m
  ↳ bin/rails:6
  [1m[35m (0.3ms)[0m  [1m[34mSELECT "ar_internal_metadata"."value" FROM "ar_internal_metadata" WHERE "ar_internal_metadata"."key" = $1[0m  [["key", "environment"]]
  ↳ bin/rails:6
  [1m[35m (226.8ms)[0m  [1m[35mDROP DATABASE IF EXISTS "my_sales_funnel_development"[0m
  ↳ bin/rails:6
  [1m[35m (229.2ms)[0m  [1m[35mDROP DATABASE IF EXISTS "my_sales_funnel_test"[0m
  ↳ bin/rails:6
  [1m[35m (679.1ms)[0m  [1m[35mCREATE DATABASE "my_sales_funnel_development" ENCODING = 'unicode'[0m
  ↳ bin/rails:6
  [1m[35m (568.0ms)[0m  [1m[35mCREATE DATABASE "my_sales_funnel_test" ENCODING = 'unicode'[0m
  ↳ bin/rails:6
  [1m[35m (115.4ms)[0m  [1m[35mCREATE TABLE "schema_migrations" ("version" character varying NOT NULL PRIMARY KEY)[0m
  ↳ bin/rails:6
  [1m[35m (141.6ms)[0m  [1m[35mCREATE TABLE "ar_internal_metadata" ("key" character varying NOT NULL PRIMARY KEY, "value" character varying, "created_at" timestamp NOT NULL, "updated_at" timestamp NOT NULL)[0m
  ↳ bin/rails:6
  [1m[35m (0.7ms)[0m  [1m[34mSELECT pg_try_advisory_lock(4219477107671700525)[0m
  ↳ bin/rails:6
  [1m[35m (1.2ms)[0m  [1m[34mSELECT "schema_migrations"."version" FROM "schema_migrations" ORDER BY "schema_migrations"."version" ASC[0m
  ↳ bin/rails:6
Migrating to CreateSales (20181019211933)
  [1m[35m (0.3ms)[0m  [1m[35mBEGIN[0m
  ↳ bin/rails:6
  [1m[35m (89.3ms)[0m  [1m[35mCREATE TABLE "sales" ("id" bigserial primary key, "title" character varying NOT NULL, "client_name" character varying NOT NULL, "value" integer NOT NULL, "status" character varying DEFAULT 'contact' NOT NULL, "created_at" timestamp NOT NULL, "updated_at" timestamp NOT NULL)[0m
  ↳ db/migrate/20181019211933_create_sales.rb:3
  [1m[35m (38.2ms)[0m  [1m[35mCREATE UNIQUE INDEX  "index_sales_on_title" ON "sales"  ("title")[0m
  ↳ db/migrate/20181019211933_create_sales.rb:3
  [1m[35m (43.1ms)[0m  [1m[35mCREATE  INDEX  "index_sales_on_client_name" ON "sales"  ("client_name")[0m
  ↳ db/migrate/20181019211933_create_sales.rb:3
  [1m[35m (0.6ms)[0m  [1m[35m      ALTER TABLE sales
      ADD CONSTRAINT value_check check (value >= 0)
[0m
  ↳ db/migrate/20181019211933_create_sales.rb:12
  [1m[36mActiveRecord::SchemaMigration Create (0.4ms)[0m  [1m[32mINSERT INTO "schema_migrations" ("version") VALUES ($1) RETURNING "version"[0m  [["version", "20181019211933"]]
  ↳ bin/rails:6
  [1m[35m (15.3ms)[0m  [1m[35mCOMMIT[0m
  ↳ bin/rails:6
  [1m[36mActiveRecord::InternalMetadata Load (0.5ms)[0m  [1m[34mSELECT  "ar_internal_metadata".* FROM "ar_internal_metadata" WHERE "ar_internal_metadata"."key" = $1 LIMIT $2[0m  [["key", "environment"], ["LIMIT", 1]]
  ↳ bin/rails:6
  [1m[35m (0.2ms)[0m  [1m[35mBEGIN[0m
  ↳ bin/rails:6
  [1m[36mActiveRecord::InternalMetadata Create (0.6ms)[0m  [1m[32mINSERT INTO "ar_internal_metadata" ("key", "value", "created_at", "updated_at") VALUES ($1, $2, $3, $4) RETURNING "key"[0m  [["key", "environment"], ["value", "development"], ["created_at", "2018-10-19 22:48:21.476766"], ["updated_at", "2018-10-19 22:48:21.476766"]]
  ↳ bin/rails:6
  [1m[35m (10.0ms)[0m  [1m[35mCOMMIT[0m
  ↳ bin/rails:6
  [1m[35m (0.5ms)[0m  [1m[34mSELECT pg_advisory_unlock(4219477107671700525)[0m
  ↳ bin/rails:6
  [1m[35m (0.3ms)[0m  [1m[34mSELECT "schema_migrations"."version" FROM "schema_migrations" ORDER BY "schema_migrations"."version" ASC[0m
  ↳ bin/rails:6
